<?xml version="1.0" encoding="UTF-8"?>
<robot generator="Robot 5.0.1 (Python 3.10.7 on darwin)" generated="20220909 13:39:59.684" rpa="false" schemaversion="3">
<suite id="s1" name="TestSuite" source="/Users/mpi/RobotPlayground/TestSuite.robot">
<test id="s1-t1" name="My First Robot Test" line="10">
<kw name="Log To Console" library="BuiltIn">
<arg>Hello World!</arg>
<doc>Logs the given message to the console.</doc>
<status status="PASS" starttime="20220909 13:39:59.714" endtime="20220909 13:39:59.715"/>
</kw>
<tag>positive</tag>
<status status="PASS" starttime="20220909 13:39:59.714" endtime="20220909 13:39:59.715"/>
</test>
<test id="s1-t2" name="Try to Retrieve Python Library" line="13">
<kw name="Verify Integer" library="keywords">
<kw name="Return Integer" library="integerLib">
<var>${returnedInteger}</var>
<msg timestamp="20220909 13:39:59.716" level="INFO">${returnedInteger} = 0</msg>
<status status="PASS" starttime="20220909 13:39:59.716" endtime="20220909 13:39:59.716"/>
</kw>
<kw name="Should Be Equal As Integers" library="BuiltIn">
<arg>${returnedInteger}</arg>
<arg>0</arg>
<doc>Fails if objects are unequal after converting them to integers.</doc>
<msg timestamp="20220909 13:39:59.716" level="INFO">Argument types are:
&lt;class 'int'&gt;
&lt;class 'str'&gt;</msg>
<status status="PASS" starttime="20220909 13:39:59.716" endtime="20220909 13:39:59.716"/>
</kw>
<status status="PASS" starttime="20220909 13:39:59.715" endtime="20220909 13:39:59.717"/>
</kw>
<kw name="Verify String" library="keywords">
<kw name="Return String" library="stringLib">
<var>${returnedString}</var>
<msg timestamp="20220909 13:39:59.717" level="INFO">${returnedString} = Hello World</msg>
<status status="PASS" starttime="20220909 13:39:59.717" endtime="20220909 13:39:59.717"/>
</kw>
<kw name="Should Be Equal As Strings" library="BuiltIn">
<arg>${returnedString}</arg>
<arg>Hello World</arg>
<doc>Fails if objects are unequal after converting them to strings.</doc>
<status status="PASS" starttime="20220909 13:39:59.717" endtime="20220909 13:39:59.717"/>
</kw>
<status status="PASS" starttime="20220909 13:39:59.717" endtime="20220909 13:39:59.718"/>
</kw>
<tag>positive</tag>
<status status="PASS" starttime="20220909 13:39:59.715" endtime="20220909 13:39:59.718"/>
</test>
<test id="s1-t3" name="Try to Test Python Library Parameter Passing" line="17">
<kw name="Verify Custom Arguments Passed in Python Function" library="keywords">
<arg>0</arg>
<arg>Hello World</arg>
<kw name="Custom Validate Args" library="customLib">
<var>${tmp}</var>
<arg>${numArg}</arg>
<arg>${strArg}</arg>
<msg timestamp="20220909 13:39:59.719" level="INFO">${tmp} = True</msg>
<status status="PASS" starttime="20220909 13:39:59.719" endtime="20220909 13:39:59.719"/>
</kw>
<kw name="Should Be True" library="BuiltIn">
<arg>${tmp}</arg>
<doc>Fails if the given condition is not true.</doc>
<status status="PASS" starttime="20220909 13:39:59.719" endtime="20220909 13:39:59.719"/>
</kw>
<status status="PASS" starttime="20220909 13:39:59.718" endtime="20220909 13:39:59.719"/>
</kw>
<tag>positive</tag>
<status status="PASS" starttime="20220909 13:39:59.718" endtime="20220909 13:39:59.719"/>
</test>
<test id="s1-t4" name="Try to Set and Retrieve Argument From Python Class" line="20">
<kw name="Verify Python Variable Access" library="keywords">
<arg>Ok String</arg>
<kw name="Global Store Arg" library="customLib">
<arg>${strArg}</arg>
<status status="PASS" starttime="20220909 13:39:59.720" endtime="20220909 13:39:59.720"/>
</kw>
<kw name="Global Read Arg" library="customLib">
<var>${tmp}</var>
<msg timestamp="20220909 13:39:59.721" level="INFO">${tmp} = Ok String</msg>
<status status="PASS" starttime="20220909 13:39:59.720" endtime="20220909 13:39:59.721"/>
</kw>
<kw name="Log To Console" library="BuiltIn">
<arg>${tmp}</arg>
<doc>Logs the given message to the console.</doc>
<status status="PASS" starttime="20220909 13:39:59.721" endtime="20220909 13:39:59.721"/>
</kw>
<kw name="Should Be Equal As Strings" library="BuiltIn">
<arg>${strArg}</arg>
<arg>${tmp}</arg>
<doc>Fails if objects are unequal after converting them to strings.</doc>
<status status="PASS" starttime="20220909 13:39:59.721" endtime="20220909 13:39:59.721"/>
</kw>
<status status="PASS" starttime="20220909 13:39:59.720" endtime="20220909 13:39:59.721"/>
</kw>
<tag>positive</tag>
<status status="PASS" starttime="20220909 13:39:59.720" endtime="20220909 13:39:59.721"/>
</test>
<doc>Playground test suite to get started with the Robot Framework

</doc>
<status status="PASS" starttime="20220909 13:39:59.687" endtime="20220909 13:39:59.722"/>
</suite>
<statistics>
<total>
<stat pass="4" fail="0" skip="0">All Tests</stat>
</total>
<tag>
<stat pass="4" fail="0" skip="0">positive</stat>
</tag>
<suite>
<stat pass="4" fail="0" skip="0" id="s1" name="TestSuite">TestSuite</stat>
</suite>
</statistics>
<errors>
</errors>
</robot>
