<?xml version="1.0" encoding="UTF-8"?>
<robot generator="Robot 5.0.1 (Python 3.10.7 on darwin)" generated="20220913 10:49:33.626" rpa="false" schemaversion="3">
<suite id="s1" name="RobotPlayground" source="/Users/mpi/RobotPlayground">
<suite id="s1-s1" name="TestSuite" source="/Users/mpi/RobotPlayground/TestSuite.robot">
<test id="s1-s1-t1" name="My First Robot Test" line="10">
<kw name="Log To Console" library="BuiltIn">
<arg>Hello World!</arg>
<doc>Logs the given message to the console.</doc>
<status status="PASS" starttime="20220913 10:49:33.666" endtime="20220913 10:49:33.666"/>
</kw>
<kw name="Change Teardown Variable" library="keywords" type="TEARDOWN">
<kw name="Execute Teardown" library="customLib">
<status status="PASS" starttime="20220913 10:49:33.667" endtime="20220913 10:49:33.667"/>
</kw>
<kw name="Log To Console" library="BuiltIn">
<arg>Tearing Down!</arg>
<doc>Logs the given message to the console.</doc>
<status status="PASS" starttime="20220913 10:49:33.667" endtime="20220913 10:49:33.667"/>
</kw>
<status status="PASS" starttime="20220913 10:49:33.667" endtime="20220913 10:49:33.667"/>
</kw>
<tag>positive</tag>
<status status="PASS" starttime="20220913 10:49:33.666" endtime="20220913 10:49:33.667"/>
</test>
<test id="s1-s1-t2" name="Try to Retrieve Python Library" line="13">
<kw name="Verify Integer" library="keywords">
<kw name="Return Integer" library="integerLib">
<var>${returnedInteger}</var>
<msg timestamp="20220913 10:49:33.668" level="INFO">${returnedInteger} = 0</msg>
<status status="PASS" starttime="20220913 10:49:33.668" endtime="20220913 10:49:33.668"/>
</kw>
<kw name="Should Be Equal As Integers" library="BuiltIn">
<arg>${returnedInteger}</arg>
<arg>0</arg>
<doc>Fails if objects are unequal after converting them to integers.</doc>
<msg timestamp="20220913 10:49:33.669" level="INFO">Argument types are:
&lt;class 'int'&gt;
&lt;class 'str'&gt;</msg>
<status status="PASS" starttime="20220913 10:49:33.668" endtime="20220913 10:49:33.669"/>
</kw>
<status status="PASS" starttime="20220913 10:49:33.668" endtime="20220913 10:49:33.669"/>
</kw>
<kw name="Verify String" library="keywords">
<kw name="Return String" library="stringLib">
<var>${returnedString}</var>
<msg timestamp="20220913 10:49:33.669" level="INFO">${returnedString} = Hello World</msg>
<status status="PASS" starttime="20220913 10:49:33.669" endtime="20220913 10:49:33.669"/>
</kw>
<kw name="Should Be Equal As Strings" library="BuiltIn">
<arg>${returnedString}</arg>
<arg>Hello World</arg>
<doc>Fails if objects are unequal after converting them to strings.</doc>
<status status="PASS" starttime="20220913 10:49:33.669" endtime="20220913 10:49:33.670"/>
</kw>
<status status="PASS" starttime="20220913 10:49:33.669" endtime="20220913 10:49:33.670"/>
</kw>
<kw name="Change Teardown Variable" library="keywords" type="TEARDOWN">
<kw name="Execute Teardown" library="customLib">
<status status="PASS" starttime="20220913 10:49:33.670" endtime="20220913 10:49:33.670"/>
</kw>
<kw name="Log To Console" library="BuiltIn">
<arg>Tearing Down!</arg>
<doc>Logs the given message to the console.</doc>
<status status="PASS" starttime="20220913 10:49:33.670" endtime="20220913 10:49:33.671"/>
</kw>
<status status="PASS" starttime="20220913 10:49:33.670" endtime="20220913 10:49:33.671"/>
</kw>
<tag>positive</tag>
<status status="PASS" starttime="20220913 10:49:33.668" endtime="20220913 10:49:33.671"/>
</test>
<test id="s1-s1-t3" name="Try to Test Python Library Parameter Passing" line="17">
<kw name="Verify Custom Arguments Passed in Python Function" library="keywords">
<arg>0</arg>
<arg>Hello World</arg>
<kw name="Custom Validate Args" library="customLib">
<var>${tmp}</var>
<arg>${numArg}</arg>
<arg>${strArg}</arg>
<msg timestamp="20220913 10:49:33.672" level="INFO">${tmp} = True</msg>
<status status="PASS" starttime="20220913 10:49:33.672" endtime="20220913 10:49:33.672"/>
</kw>
<kw name="Should Be True" library="BuiltIn">
<arg>${tmp}</arg>
<doc>Fails if the given condition is not true.</doc>
<status status="PASS" starttime="20220913 10:49:33.672" endtime="20220913 10:49:33.672"/>
</kw>
<status status="PASS" starttime="20220913 10:49:33.671" endtime="20220913 10:49:33.672"/>
</kw>
<kw name="Change Teardown Variable" library="keywords" type="TEARDOWN">
<kw name="Execute Teardown" library="customLib">
<status status="PASS" starttime="20220913 10:49:33.673" endtime="20220913 10:49:33.673"/>
</kw>
<kw name="Log To Console" library="BuiltIn">
<arg>Tearing Down!</arg>
<doc>Logs the given message to the console.</doc>
<status status="PASS" starttime="20220913 10:49:33.673" endtime="20220913 10:49:33.673"/>
</kw>
<status status="PASS" starttime="20220913 10:49:33.672" endtime="20220913 10:49:33.673"/>
</kw>
<tag>positive</tag>
<status status="PASS" starttime="20220913 10:49:33.671" endtime="20220913 10:49:33.673"/>
</test>
<test id="s1-s1-t4" name="Try to Set and Retrieve Argument From Python Class" line="20">
<kw name="Verify Python Variable Access" library="keywords">
<arg>Ok String</arg>
<kw name="Global Store Arg" library="customLib">
<arg>${strArg}</arg>
<status status="PASS" starttime="20220913 10:49:33.674" endtime="20220913 10:49:33.674"/>
</kw>
<kw name="Global Read Arg" library="customLib">
<var>${tmp}</var>
<msg timestamp="20220913 10:49:33.675" level="INFO">${tmp} = Ok String</msg>
<status status="PASS" starttime="20220913 10:49:33.674" endtime="20220913 10:49:33.675"/>
</kw>
<kw name="Log To Console" library="BuiltIn">
<arg>${tmp}</arg>
<doc>Logs the given message to the console.</doc>
<status status="PASS" starttime="20220913 10:49:33.675" endtime="20220913 10:49:33.675"/>
</kw>
<kw name="Should Be Equal As Strings" library="BuiltIn">
<arg>${strArg}</arg>
<arg>${tmp}</arg>
<doc>Fails if objects are unequal after converting them to strings.</doc>
<status status="PASS" starttime="20220913 10:49:33.675" endtime="20220913 10:49:33.675"/>
</kw>
<status status="PASS" starttime="20220913 10:49:33.674" endtime="20220913 10:49:33.675"/>
</kw>
<kw name="Change Teardown Variable" library="keywords" type="TEARDOWN">
<kw name="Execute Teardown" library="customLib">
<status status="PASS" starttime="20220913 10:49:33.676" endtime="20220913 10:49:33.676"/>
</kw>
<kw name="Log To Console" library="BuiltIn">
<arg>Tearing Down!</arg>
<doc>Logs the given message to the console.</doc>
<status status="PASS" starttime="20220913 10:49:33.676" endtime="20220913 10:49:33.676"/>
</kw>
<status status="PASS" starttime="20220913 10:49:33.675" endtime="20220913 10:49:33.676"/>
</kw>
<tag>positive</tag>
<status status="PASS" starttime="20220913 10:49:33.674" endtime="20220913 10:49:33.676"/>
</test>
<test id="s1-s1-t5" name="Try Passing Command Line Argument" line="23">
<kw name="Log To Console" library="BuiltIn">
<arg>${consoleArgument}</arg>
<doc>Logs the given message to the console.</doc>
<status status="PASS" starttime="20220913 10:49:33.677" endtime="20220913 10:49:33.677"/>
</kw>
<kw name="Should Not Be Equal As Strings" library="BuiltIn">
<arg>${consoleArgument}</arg>
<arg>World</arg>
<doc>Fails if objects are equal after converting them to strings.</doc>
<status status="PASS" starttime="20220913 10:49:33.677" endtime="20220913 10:49:33.677"/>
</kw>
<kw name="Change Teardown Variable" library="keywords" type="TEARDOWN">
<kw name="Execute Teardown" library="customLib">
<status status="PASS" starttime="20220913 10:49:33.678" endtime="20220913 10:49:33.678"/>
</kw>
<kw name="Log To Console" library="BuiltIn">
<arg>Tearing Down!</arg>
<doc>Logs the given message to the console.</doc>
<status status="PASS" starttime="20220913 10:49:33.678" endtime="20220913 10:49:33.678"/>
</kw>
<status status="PASS" starttime="20220913 10:49:33.678" endtime="20220913 10:49:33.678"/>
</kw>
<tag>cli</tag>
<status status="PASS" starttime="20220913 10:49:33.677" endtime="20220913 10:49:33.678"/>
</test>
<test id="s1-s1-t6" name="Check Teardown Worked" line="28">
<kw name="Verify Teardown Was Successful" library="keywords">
<kw name="Global Read Teardown Arg" library="customLib">
<var>${tmp}</var>
<msg timestamp="20220913 10:49:33.679" level="INFO">${tmp} = after teardown</msg>
<status status="PASS" starttime="20220913 10:49:33.679" endtime="20220913 10:49:33.679"/>
</kw>
<kw name="Should Be Equal As Strings" library="BuiltIn">
<arg>${tmp}</arg>
<arg>after teardown</arg>
<doc>Fails if objects are unequal after converting them to strings.</doc>
<status status="PASS" starttime="20220913 10:49:33.680" endtime="20220913 10:49:33.680"/>
</kw>
<status status="PASS" starttime="20220913 10:49:33.679" endtime="20220913 10:49:33.680"/>
</kw>
<kw name="Change Teardown Variable" library="keywords" type="TEARDOWN">
<kw name="Execute Teardown" library="customLib">
<status status="PASS" starttime="20220913 10:49:33.680" endtime="20220913 10:49:33.680"/>
</kw>
<kw name="Log To Console" library="BuiltIn">
<arg>Tearing Down!</arg>
<doc>Logs the given message to the console.</doc>
<status status="PASS" starttime="20220913 10:49:33.680" endtime="20220913 10:49:33.681"/>
</kw>
<status status="PASS" starttime="20220913 10:49:33.680" endtime="20220913 10:49:33.681"/>
</kw>
<tag>positive</tag>
<status status="PASS" starttime="20220913 10:49:33.679" endtime="20220913 10:49:33.681"/>
</test>
<doc>Playground test suite to get started with the Robot Framework</doc>
<status status="PASS" starttime="20220913 10:49:33.650" endtime="20220913 10:49:33.681"/>
</suite>
<status status="PASS" starttime="20220913 10:49:33.628" endtime="20220913 10:49:33.682"/>
</suite>
<statistics>
<total>
<stat pass="6" fail="0" skip="0">All Tests</stat>
</total>
<tag>
<stat pass="1" fail="0" skip="0">cli</stat>
<stat pass="5" fail="0" skip="0">positive</stat>
</tag>
<suite>
<stat pass="6" fail="0" skip="0" id="s1" name="RobotPlayground">RobotPlayground</stat>
<stat pass="6" fail="0" skip="0" id="s1-s1" name="TestSuite">RobotPlayground.TestSuite</stat>
</suite>
</statistics>
<errors>
</errors>
</robot>
